<?xml version="1.0" encoding="UTF-8"?>
<!-- Generated by org.testng.reporters.JUnitXMLReporter -->
<testsuite ignored="6" hostname="jasasane-ubuntu20" failures="0" tests="3" name="MyTest" time="0.044" errors="0" timestamp="2023-12-05T16:51:27 PST">
  <testcase classname="day36.Groupings" name="signupByFacebook" time="0.007"/>
  <testcase classname="day36.Groupings" name="signupByTwitter" time="0.001"/>
  <testcase classname="day36.Groupings" name="paymentReturnByBank" time="0.002"/>
  <testcase classname="day36.Groupings" name="loginByFacebook" time="0.0">
    <ignored/>
  </testcase> <!-- loginByFacebook -->
  <testcase classname="day36.Groupings" name="paymentinRupees" time="0.0">
    <ignored/>
  </testcase> <!-- paymentinRupees -->
  <testcase classname="day36.Groupings" name="signupByEmail" time="0.0">
    <ignored/>
  </testcase> <!-- signupByEmail -->
  <testcase classname="day36.Groupings" name="loginByTwitter" time="0.0">
    <ignored/>
  </testcase> <!-- loginByTwitter -->
  <testcase classname="day36.Groupings" name="paymentinDollar" time="0.0">
    <ignored/>
  </testcase> <!-- paymentinDollar -->
  <testcase classname="day36.Groupings" name="loginByEmail" time="0.0">
    <ignored/>
  </testcase> <!-- loginByEmail -->
</testsuite> <!-- MyTest -->
