<?xml version="1.0" encoding="UTF-8"?>
<!-- Generated by org.testng.reporters.JUnitXMLReporter -->
<testsuite ignored="0" hostname="jasasane-ubuntu20" failures="0" tests="6" name="MyTest" time="10.265" errors="0" timestamp="2023-12-04T19:15:02 PST">
  <testcase classname="day34.SecondTest" name="openApp" time="7.787"/>
  <testcase classname="day34.SecondTest" name="login" time="0.73"/>
  <testcase classname="day34.SecondTest" name="close" time="1.697"/>
  <testcase classname="day34.MyFirstTest" name="test1" time="0.001"/>
  <testcase classname="day34.MyFirstTest" name="test2" time="0.001"/>
  <testcase classname="day34.MyFirstTest" name="test3" time="0.001"/>
</testsuite> <!-- MyTest -->
