<?xml version="1.0" encoding="UTF-8"?>
<!-- Generated by org.testng.reporters.JUnitXMLReporter -->
<testsuite ignored="0" hostname="jasasane-ubuntu20" failures="1" tests="3" name="Test" time="14.059" errors="0" timestamp="2023-12-06T17:12:14 PST">
  <testcase classname="day38.NopCommerceTests" name="testLogo" time="0.06"/>
  <testcase classname="day38.NopCommerceTests" name="testLogin" time="7.741">
    <failure type="java.lang.AssertionError" message="expected [false] but found [true]">
      <![CDATA[java.lang.AssertionError: expected [false] but found [true]
at day38.NopCommerceTests.testLogin(NopCommerceTests.java:59)
at java.base/java.util.ArrayList.forEach(ArrayList.java:1511)
... Removed 33 stack frames]]>
    </failure>
  </testcase> <!-- testLogin -->
  <testcase classname="day38.NopCommerceTests" name="testLogout" time="0.0">
    <skipped/>
  </testcase> <!-- testLogout -->
</testsuite> <!-- Test -->
