<?xml version="1.0" encoding="UTF-8"?>
<!-- Generated by org.testng.reporters.JUnitXMLReporter -->
<testsuite ignored="0" hostname="jasasane-ubuntu20" failures="0" tests="2" name="My Parallel Test" time="1.308" errors="0" timestamp="2023-12-06T11:07:33 PST">
  <testcase classname="day37.ParamTest" name="@BeforeClass setup" time="1.259">
    <failure type="java.lang.NullPointerException" message="Cannot invoke &amp;quot;org.openqa.selenium.WebDriver.manage()&amp;quot; because &amp;quot;this.driver&amp;quot; is null">
      <![CDATA[java.lang.NullPointerException: Cannot invoke "org.openqa.selenium.WebDriver.manage()" because "this.driver" is null
at day37.ParamTest.setup(ParamTest.java:44)
at java.base/java.util.ArrayList.forEach(ArrayList.java:1511)
... Removed 25 stack frames]]>
    </failure>
  </testcase> <!-- @BeforeClass setup -->
  <testcase classname="day37.ParamTest" name="@AfterClass closeApp" time="-1.701832053275E9">
    <skipped/>
  </testcase> <!-- @AfterClass closeApp -->
  <testcase classname="day37.ParamTest" name="testLogo" time="0.0">
    <skipped/>
  </testcase> <!-- testLogo -->
  <testcase classname="day37.ParamTest" name="testHomePageTitle" time="0.0">
    <skipped/>
  </testcase> <!-- testHomePageTitle -->
</testsuite> <!-- My Parallel Test -->
